2026-02-25 17:25:22,459 INFO o.a.j.u.JMeterUtils: Setting Locale to en_EN
2026-02-25 17:25:22,480 INFO o.a.j.JMeter: Loading user properties from: /opt/jmeter/bin/user.properties
2026-02-25 17:25:22,480 INFO o.a.j.JMeter: Loading system properties from: /opt/jmeter/bin/system.properties
2026-02-25 17:25:22,485 INFO o.a.j.JMeter: Copyright (c) 1998-2024 The Apache Software Foundation
2026-02-25 17:25:22,486 INFO o.a.j.JMeter: Version 5.6.3
2026-02-25 17:25:22,486 INFO o.a.j.JMeter: java.version=19
2026-02-25 17:25:22,486 INFO o.a.j.JMeter: java.vm.name=OpenJDK 64-Bit Server VM
2026-02-25 17:25:22,486 INFO o.a.j.JMeter: os.name=Linux
2026-02-25 17:25:22,486 INFO o.a.j.JMeter: os.arch=amd64
2026-02-25 17:25:22,486 INFO o.a.j.JMeter: os.version=6.17.7-arch1-1
2026-02-25 17:25:22,486 INFO o.a.j.JMeter: file.encoding=UTF-8
2026-02-25 17:25:22,486 INFO o.a.j.JMeter: java.awt.headless=null
2026-02-25 17:25:22,486 INFO o.a.j.JMeter: Max memory     =1073741824
2026-02-25 17:25:22,486 INFO o.a.j.JMeter: Available Processors =12
2026-02-25 17:25:22,496 INFO o.a.j.JMeter: Default Locale=English (EN)
2026-02-25 17:25:22,496 INFO o.a.j.JMeter: JMeter  Locale=English (EN)
2026-02-25 17:25:22,496 INFO o.a.j.JMeter: JMeterHome=/opt/jmeter
2026-02-25 17:25:22,496 INFO o.a.j.JMeter: user.dir  =/home/seraphima/Документы/labs/is/lab2/jmeter
2026-02-25 17:25:22,496 INFO o.a.j.JMeter: PWD       =/home/seraphima/Документы/labs/is/lab2/jmeter
2026-02-25 17:25:22,497 INFO o.a.j.JMeter: IP: 127.0.1.1 Name: based FullName: based.localdomain
2026-02-25 17:25:22,513 INFO o.a.j.JMeter: Loaded icon properties from org/apache/jmeter/images/icon.properties
2026-02-25 17:25:22,899 INFO o.a.j.JMeterGuiLauncher: Setting LAF to: com.github.weisj.darklaf.DarkLaf:com.github.weisj.darklaf.theme.DarculaTheme
2026-02-25 17:26:21,560 INFO o.a.j.s.FileServer: Default base='/home/seraphima/Документы/labs/is/lab2/jmeter'
2026-02-25 17:26:21,563 INFO o.a.j.g.a.Load: Loading file: /home/seraphima/Документы/labs/is/lab2/jmeter/complete-tests.jmx
2026-02-25 17:26:21,563 INFO o.a.j.s.FileServer: Set new base='/home/seraphima/Документы/labs/is/lab2/jmeter'
2026-02-25 17:26:21,732 INFO o.a.j.s.SaveService: Testplan (JMX) version: 2.2. Testlog (JTL) version: 2.2
2026-02-25 17:26:21,738 INFO o.a.j.s.SaveService: Using SaveService properties version 5.0
2026-02-25 17:26:21,740 INFO o.a.j.s.SaveService: Using SaveService properties file encoding UTF-8
2026-02-25 17:26:21,741 INFO o.a.j.s.SaveService: Loading file: /home/seraphima/Документы/labs/is/lab2/jmeter/complete-tests.jmx
2026-02-25 17:26:21,756 INFO o.a.j.p.h.c.CookieManager: Settings: Delete null: true Check: true Allow variable: true Save: false Prefix: COOKIE_
2026-02-25 17:26:21,764 INFO o.a.j.p.h.s.HTTPSamplerBase: Parser for text/html is org.apache.jmeter.protocol.http.parser.LagartoBasedHtmlParser
2026-02-25 17:26:21,764 INFO o.a.j.p.h.s.HTTPSamplerBase: Parser for application/xhtml+xml is org.apache.jmeter.protocol.http.parser.LagartoBasedHtmlParser
2026-02-25 17:26:21,764 INFO o.a.j.p.h.s.HTTPSamplerBase: Parser for application/xml is org.apache.jmeter.protocol.http.parser.LagartoBasedHtmlParser
2026-02-25 17:26:21,764 INFO o.a.j.p.h.s.HTTPSamplerBase: Parser for text/xml is org.apache.jmeter.protocol.http.parser.LagartoBasedHtmlParser
2026-02-25 17:26:21,764 INFO o.a.j.p.h.s.HTTPSamplerBase: Parser for text/vnd.wap.wml is org.apache.jmeter.protocol.http.parser.RegexpHTMLParser
2026-02-25 17:26:21,764 INFO o.a.j.p.h.s.HTTPSamplerBase: Parser for text/css is org.apache.jmeter.protocol.http.parser.CssParser
2026-02-25 17:26:22,002 INFO o.a.j.s.SampleResult: Note: Sample TimeStamps are START times
2026-02-25 17:26:22,002 INFO o.a.j.s.SampleResult: sampleresult.default.encoding is set to UTF-8
2026-02-25 17:26:22,002 INFO o.a.j.s.SampleResult: sampleresult.useNanoTime=true
2026-02-25 17:26:22,002 INFO o.a.j.s.SampleResult: sampleresult.nanoThreadSleep=5000
2026-02-25 17:26:22,208 INFO o.a.j.s.FileServer: Set new base='/home/seraphima/Документы/labs/is/lab2/jmeter'
2026-02-25 17:46:19,184 ERROR o.a.j.g.a.Save: Failed to backup file: /home/seraphima/Документы/labs/is/lab2/jmeter/complete-tests.jmx
java.nio.file.AccessDeniedException: /opt/jmeter/backups/complete-tests-000001.jmx
	at java.base/sun.nio.fs.UnixException.translateToIOException(UnixException.java:90) ~[?:?]
	at java.base/sun.nio.fs.UnixException.rethrowAsIOException(UnixException.java:106) ~[?:?]
	at java.base/sun.nio.fs.UnixException.rethrowAsIOException(UnixException.java:111) ~[?:?]
	at java.base/sun.nio.fs.UnixCopyFile.copyFile(UnixCopyFile.java:245) ~[?:?]
	at java.base/sun.nio.fs.UnixCopyFile.copy(UnixCopyFile.java:607) ~[?:?]
	at java.base/sun.nio.fs.UnixFileSystemProvider.copy(UnixFileSystemProvider.java:257) ~[?:?]
	at java.base/java.nio.file.Files.copy(Files.java:1304) ~[?:?]
	at org.apache.commons.io.FileUtils.copyFile(FileUtils.java:807) ~[commons-io-2.15.1.jar:2.15.1]
	at org.apache.commons.io.FileUtils.copyFile(FileUtils.java:834) ~[commons-io-2.15.1.jar:2.15.1]
	at org.apache.commons.io.FileUtils.copyFile(FileUtils.java:742) ~[commons-io-2.15.1.jar:2.15.1]
	at org.apache.jmeter.gui.action.Save.createBackupFile(Save.java:384) ~[ApacheJMeter_core.jar:5.6.3]
	at org.apache.jmeter.gui.action.Save.backupAndSave(Save.java:247) ~[ApacheJMeter_core.jar:5.6.3]
	at org.apache.jmeter.gui.action.Save.doAction(Save.java:176) ~[ApacheJMeter_core.jar:5.6.3]
	at org.apache.jmeter.gui.action.ActionRouter.performAction(ActionRouter.java:83) ~[ApacheJMeter_core.jar:5.6.3]
	at org.apache.jmeter.gui.action.ActionRouter.doActionNow(ActionRouter.java:120) ~[ApacheJMeter_core.jar:5.6.3]
	at org.apache.jmeter.gui.action.AbstractAction.popupShouldSave(AbstractAction.java:79) ~[ApacheJMeter_core.jar:5.6.3]
	at org.apache.jmeter.gui.action.Start.doAction(Start.java:114) ~[ApacheJMeter_core.jar:5.6.3]
	at org.apache.jmeter.gui.action.ActionRouter.performAction(ActionRouter.java:83) ~[ApacheJMeter_core.jar:5.6.3]
	at org.apache.jmeter.gui.action.ActionRouter.lambda$actionPerformed$0(ActionRouter.java:65) ~[ApacheJMeter_core.jar:5.6.3]
	at java.desktop/java.awt.event.InvocationEvent.dispatch(InvocationEvent.java:318) ~[?:?]
	at java.desktop/java.awt.EventQueue.dispatchEventImpl(EventQueue.java:773) ~[?:?]
	at java.desktop/java.awt.EventQueue$4.run(EventQueue.java:720) ~[?:?]
	at java.desktop/java.awt.EventQueue$4.run(EventQueue.java:714) ~[?:?]
	at java.base/java.security.AccessController.doPrivileged(AccessController.java:399) [?:?]
	at java.base/java.security.ProtectionDomain$JavaSecurityAccessImpl.doIntersectionPrivilege(ProtectionDomain.java:86) [?:?]
	at java.desktop/java.awt.EventQueue.dispatchEvent(EventQueue.java:742) [?:?]
	at java.desktop/java.awt.EventDispatchThread.pumpOneEventForFilters(EventDispatchThread.java:203) [?:?]
	at java.desktop/java.awt.EventDispatchThread.pumpEventsForFilter(EventDispatchThread.java:124) [?:?]
	at java.desktop/java.awt.EventDispatchThread.pumpEventsForHierarchy(EventDispatchThread.java:113) [?:?]
	at java.desktop/java.awt.EventDispatchThread.pumpEvents(EventDispatchThread.java:109) [?:?]
	at java.desktop/java.awt.EventDispatchThread.pumpEvents(EventDispatchThread.java:101) [?:?]
	at java.desktop/java.awt.EventDispatchThread.run(EventDispatchThread.java:90) [?:?]
2026-02-25 17:46:19,215 INFO o.a.j.e.StandardJMeterEngine: Running the test!
2026-02-25 17:46:19,217 INFO o.a.j.s.SampleEvent: List of sample_variables: []
2026-02-25 17:46:19,217 INFO o.a.j.s.SampleEvent: List of sample_variables: []
2026-02-25 17:46:19,218 INFO o.a.j.e.u.CompoundVariable: Note: Function class names must contain the string: '.functions.'
2026-02-25 17:46:19,219 INFO o.a.j.e.u.CompoundVariable: Note: Function class names must not contain the string: '.gui.'
2026-02-25 17:46:19,286 INFO o.a.j.g.u.JMeterMenuBar: setRunning(true, *local*)
2026-02-25 17:46:19,311 INFO o.a.j.e.StandardJMeterEngine: Starting ThreadGroup: 1 : Test 1 - Concurrent Create Same Number
2026-02-25 17:46:19,312 INFO o.a.j.e.StandardJMeterEngine: Starting 5 threads for group Test 1 - Concurrent Create Same Number.
2026-02-25 17:46:19,312 INFO o.a.j.e.StandardJMeterEngine: Thread will continue on error
2026-02-25 17:46:19,312 INFO o.a.j.t.ThreadGroup: Starting thread group... number=1 threads=5 ramp-up=0 delayedStart=false
2026-02-25 17:46:19,316 INFO o.a.j.t.JMeterThread: Thread started: Test 1 - Concurrent Create Same Number 1-1
2026-02-25 17:46:19,316 INFO o.a.j.t.JMeterThread: Thread started: Test 1 - Concurrent Create Same Number 1-2
2026-02-25 17:46:19,318 INFO o.a.j.t.JMeterThread: Thread started: Test 1 - Concurrent Create Same Number 1-3
2026-02-25 17:46:19,319 INFO o.a.j.t.JMeterThread: Thread started: Test 1 - Concurrent Create Same Number 1-4
2026-02-25 17:46:19,319 INFO o.a.j.t.ThreadGroup: Started thread group number 1
2026-02-25 17:46:19,319 INFO o.a.j.e.StandardJMeterEngine: All thread groups have been started
2026-02-25 17:46:19,320 INFO o.a.j.t.JMeterThread: Thread started: Test 1 - Concurrent Create Same Number 1-5
2026-02-25 17:46:19,331 INFO o.a.j.p.h.s.HTTPHCAbstractImpl: Local host = based
2026-02-25 17:46:19,340 INFO o.a.j.p.h.s.HTTPHC4Impl: HTTP request retry count = 0
2026-02-25 17:46:20,098 INFO o.a.j.t.JMeterThread: Thread is done: Test 1 - Concurrent Create Same Number 1-5
2026-02-25 17:46:20,098 INFO o.a.j.t.JMeterThread: Thread is done: Test 1 - Concurrent Create Same Number 1-3
2026-02-25 17:46:20,099 INFO o.a.j.t.JMeterThread: Thread finished: Test 1 - Concurrent Create Same Number 1-5
2026-02-25 17:46:20,099 INFO o.a.j.t.JMeterThread: Thread finished: Test 1 - Concurrent Create Same Number 1-3
2026-02-25 17:46:20,162 INFO o.a.j.t.JMeterThread: Thread is done: Test 1 - Concurrent Create Same Number 1-2
2026-02-25 17:46:20,162 INFO o.a.j.t.JMeterThread: Thread finished: Test 1 - Concurrent Create Same Number 1-2
2026-02-25 17:46:20,164 INFO o.a.j.t.JMeterThread: Thread is done: Test 1 - Concurrent Create Same Number 1-1
2026-02-25 17:46:20,164 INFO o.a.j.t.JMeterThread: Thread finished: Test 1 - Concurrent Create Same Number 1-1
2026-02-25 17:46:20,232 INFO o.a.j.t.JMeterThread: Thread is done: Test 1 - Concurrent Create Same Number 1-4
2026-02-25 17:46:20,232 INFO o.a.j.t.JMeterThread: Thread finished: Test 1 - Concurrent Create Same Number 1-4
2026-02-25 17:46:20,233 INFO o.a.j.e.StandardJMeterEngine: Notifying test listeners of end of test
2026-02-25 17:46:20,233 INFO o.a.j.g.u.JMeterMenuBar: setRunning(false, *local*)
